
=== Wed Nov  6 14:24:27 2019

Packages were changed.
Update Mode: mergeDefaultDependencies

The following packages were added:
  com.unity.package-manager-ui@2.2.0
  com.unity.ext.nunit@1.0.0
  com.unity.test-framework@1.0.13
  com.unity.ide.vscode@1.1.0
  com.unity.ide.rider@1.1.0
  com.unity.ugui@1.0.0
  com.unity.modules.androidjni@1.0.0
The following packages were updated:
  com.unity.collab-proxy from version 1.2.9 to 1.2.16
  com.unity.textmeshpro from version 2.0.0 to 2.0.1
  com.unity.timeline from version 0.0.0-builtin to 1.1.0

=== Wed Nov  6 20:18:37 2019

Packages were changed.
Update Mode: updateDependencies

The following packages were updated:
  com.unity.ide.vscode from version 1.1.0 to 1.1.2

=== Sat Nov 23 21:43:18 2019

Packages were changed.
Update Mode: resetToDefaultDependencies

The following packages were updated:
  com.unity.test-framework from version 1.0.18 to 1.0.13
  com.unity.ide.vscode from version 1.1.3 to 1.1.2
The following packages were removed:
  com.unity.entities@0.1.1-preview

=== Thu Dec  5 21:25:05 2019

Packages were changed.
Update Mode: updateDependencies

The following packages were updated:
  com.unity.ide.vscode from version 1.1.2 to 1.1.3
  com.unity.test-framework from version 1.0.13 to 1.1.3
  com.unity.timeline from version 1.1.0 to 1.2.6
The following packages were removed:
  com.unity.package-manager-ui@2.2.0

=== Sun Dec 22 20:04:33 2019

Packages were changed.
Update Mode: updateDependencies

The following packages were updated:
  com.unity.ide.rider from version 1.1.0 to 1.1.4

=== Thu Dec 26 20:31:31 2019

Packages were changed.
Update Mode: updateDependencies

The following packages were updated:
  com.unity.ide.rider from version 1.1.0 to 1.1.4

=== Fri Feb 21 15:49:41 2020

Packages were changed.
Update Mode: updateDependencies

The following packages were updated:
  com.unity.ide.vscode from version 1.1.3 to 1.1.4
  com.unity.render-pipelines.high-definition from version 7.1.7 to 7.1.8
  com.unity.shadergraph from version 7.1.7 to 7.1.8
  com.unity.test-framework from version 1.1.9 to 1.1.11
  com.unity.timeline from version 1.2.6 to 1.2.10

=== Sat Apr 25 08:46:57 2020

Packages were changed.
Update Mode: updateDependencies

The following packages were updated:
  com.unity.render-pipelines.high-definition from version 7.1.8 to 7.3.1
  com.unity.shadergraph from version 7.1.8 to 7.3.1
  com.unity.test-framework from version 1.1.11 to 1.1.13

=== Tue Aug 25 18:36:55 2020

Packages were changed.
Update Mode: updateDependencies

The following packages were updated:
  com.unity.ide.vscode from version 1.1.4 to 1.2.1
  com.unity.test-framework from version 1.1.13 to 1.1.16

=== Sun Jan 31 08:43:29 2021

Packages were changed.
Update Mode: updateDependencies

The following packages were updated:
  com.unity.ext.nunit from version 1.0.0 to 1.0.5
  com.unity.ide.vscode from version 1.2.1 to 1.2.3
  com.unity.test-framework from version 1.1.16 to 1.1.19

=== Tue Feb  2 21:21:57 2021

Packages were changed.
Update Mode: updateDependencies

The following packages were added:
  com.unity.ide.visualstudio@2.0.5
The following packages were updated:
  com.unity.collab-proxy from version 1.2.16 to 1.3.9
  com.unity.ext.nunit from version 1.0.5 to 1.0.6
  com.unity.ide.rider from version 1.1.4 to 2.0.7
  com.unity.render-pipelines.high-definition from version 7.4.3 to 10.2.2
  com.unity.shadergraph from version 7.3.1 to 10.2.2
  com.unity.test-framework from version 1.1.19 to 1.1.20
  com.unity.textmeshpro from version 2.0.1 to 3.0.1
